<?xml version="1.0" encoding="UTF-8" ?>
<testsuite tests="4" failures="0" name="com.abc.dataAccessObject.ProductImpTest" time="0.007" errors="0" skipped="0">
  <properties>
    <property name="java.runtime.name" value="OpenJDK Runtime Environment"/>
    <property name="java.vm.version" value="11.0.11+9-adhoc..jdk11u"/>
    <property name="sun.boot.library.path" value="C:\Program Files\OpenJDK\jdk-11.0.11.9-hotspot\bin"/>
    <property name="maven.multiModuleProjectDirectory" value="C:/Users/NivTejas/Desktop/work/Devops-Project/IndustryGrade_Project"/>
    <property name="java.vm.vendor" value="OpenLogic"/>
    <property name="java.vendor.url" value="https://openlogic.com/"/>
    <property name="guice.disable.misplaced.annotation.check" value="true"/>
    <property name="path.separator" value=";"/>
    <property name="java.vm.name" value="OpenJDK 64-Bit Server VM"/>
    <property name="sun.os.patch.level" value=""/>
    <property name="user.script" value=""/>
    <property name="user.country" value="IN"/>
    <property name="sun.java.launcher" value="SUN_STANDARD"/>
    <property name="java.vm.specification.name" value="Java Virtual Machine Specification"/>
    <property name="user.dir" value="C:\Users\NivTejas\Desktop\work\Devops-Project\IndustryGrade_Project"/>
    <property name="java.vm.compressedOopsMode" value="Zero based"/>
    <property name="java.runtime.version" value="11.0.11+9-adhoc..jdk11u"/>
    <property name="java.awt.graphicsenv" value="sun.awt.Win32GraphicsEnvironment"/>
    <property name="os.arch" value="amd64"/>
    <property name="java.io.tmpdir" value="C:\Users\NivTejas\AppData\Local\Temp\"/>
    <property name="line.separator" value="
"/>
    <property name="java.vm.specification.vendor" value="Oracle Corporation"/>
    <property name="user.variant" value=""/>
    <property name="os.name" value="Windows 10"/>
    <property name="classworlds.conf" value="C:/Softwares/Maven/apache-maven-3.8.4/bin/m2.conf"/>
    <property name="sun.jnu.encoding" value="Cp1252"/>
    <property name="java.library.path" value="C:\Program Files\OpenJDK\jdk-11.0.11.9-hotspot\bin;C:\Windows\Sun\Java\bin;C:\Windows\system32;C:\Windows;C:\Users\NivTejas\bin;C:\Softwares\Git\mingw64\bin;C:\Softwares\Git\usr\local\bin;C:\Softwares\Git\usr\bin;C:\Softwares\Git\usr\bin;C:\Softwares\Git\mingw64\bin;C:\Softwares\Git\usr\bin;C:\Users\NivTejas\bin;C:\Softwares\bin;C:\Program Files\OpenJDK\jdk-11.0.11.9-hotspot\bin;C:\Windows\system32;C:\Windows;C:\Windows\System32\Wbem;C:\Windows\System32\WindowsPowerShell\v1.0;C:\Windows\System32\OpenSSH;C:\Program Files\NVIDIA Corporation\NVIDIA NvDLISR;C:\Softwares\Maven\apache-maven-3.8.4\bin;C:\Program Files\dotnet;C:\Softwares\terraform_1.1.8;C:\Program Files (x86)\NVIDIA Corporation\PhysX\Common;C:\Softwares\Git\cmd;C:\Program Files\Amazon\AWSCLI\bin;C:\Softwares;C:\Users\NivTejas\AppData\Local\Microsoft\WindowsApps;C:\Softwares\Microsoft VS Code\bin;C:\Softwares\terraform_1.1.8;C:\Users\NivTejas\AppData\Roaming\npm;C:\Softwares\Git\usr\bin\vendor_perl;C:\Softwares\Git\usr\bin\core_perl;."/>
    <property name="maven.conf" value="C:/Softwares/Maven/apache-maven-3.8.4/conf"/>
    <property name="jdk.debug" value="release"/>
    <property name="java.class.version" value="55.0"/>
    <property name="java.specification.name" value="Java Platform API Specification"/>
    <property name="sun.management.compiler" value="HotSpot 64-Bit Tiered Compilers"/>
    <property name="os.version" value="10.0"/>
    <property name="library.jansi.path" value="C:/Softwares/Maven/apache-maven-3.8.4/lib/jansi-native"/>
    <property name="user.home" value="C:\Users\NivTejas"/>
    <property name="user.timezone" value="Asia/Calcutta"/>
    <property name="java.awt.printerjob" value="sun.awt.windows.WPrinterJob"/>
    <property name="file.encoding" value="Cp1252"/>
    <property name="java.specification.version" value="11"/>
    <property name="user.name" value="NivTejas"/>
    <property name="java.class.path" value="C:/Softwares/Maven/apache-maven-3.8.4/boot/plexus-classworlds-2.6.0.jar"/>
    <property name="java.vm.specification.version" value="11"/>
    <property name="sun.arch.data.model" value="64"/>
    <property name="sun.java.command" value="org.codehaus.plexus.classworlds.launcher.Launcher clean install"/>
    <property name="java.home" value="C:\Program Files\OpenJDK\jdk-11.0.11.9-hotspot"/>
    <property name="user.language" value="en"/>
    <property name="java.specification.vendor" value="Oracle Corporation"/>
    <property name="awt.toolkit" value="sun.awt.windows.WToolkit"/>
    <property name="java.vm.info" value="mixed mode"/>
    <property name="java.version" value="11.0.11"/>
    <property name="java.vendor" value="OpenLogic"/>
    <property name="maven.home" value="C:\Softwares\Maven\apache-maven-3.8.4"/>
    <property name="file.separator" value="\"/>
    <property name="java.version.date" value="2021-04-20"/>
    <property name="java.vendor.url.bug" value="https://techsupport.roguewave.com/"/>
    <property name="sun.io.unicode.encoding" value="UnicodeLittle"/>
    <property name="sun.cpu.endian" value="little"/>
    <property name="java.vendor.version" value="OpenLogic-OpenJDK"/>
    <property name="sun.desktop" value="windows"/>
    <property name="sun.cpu.isalist" value="amd64"/>
  </properties>
  <testcase classname="com.abc.dataAccessObject.ProductImpTest" name="readPriceUserShouldWorkSuccessfully" time="0.007"/>
  <testcase classname="com.abc.dataAccessObject.ProductImpTest" name="readDesciptionUserShouldWorkSuccessfully" time="0"/>
  <testcase classname="com.abc.dataAccessObject.ProductImpTest" name="readUserShouldWorkSuccessfully" time="0"/>
  <testcase classname="com.abc.dataAccessObject.ProductImpTest" name="createUserShouldWorkSuccessfully" time="0"/>
</testsuite>